<?xml version="1.0" encoding="UTF-8" ?>
<testsuite tests="1" failures="0" name="pl.polsl.ismoil.atajanov.jsf.beans.EmployeeBeanTest" time="2.895" errors="1" skipped="0">
  <properties>
    <property name="java.runtime.name" value="Java(TM) SE Runtime Environment"/>
    <property name="sun.boot.library.path" value="C:\Program Files\Java\jdk1.8.0_231\jre\bin"/>
    <property name="java.vm.version" value="25.231-b11"/>
    <property name="java.vm.vendor" value="Oracle Corporation"/>
    <property name="java.vendor.url" value="http://java.oracle.com/"/>
    <property name="path.separator" value=";"/>
    <property name="guice.disable.misplaced.annotation.check" value="true"/>
    <property name="java.vm.name" value="Java HotSpot(TM) 64-Bit Server VM"/>
    <property name="file.encoding.pkg" value="sun.io"/>
    <property name="user.script" value=""/>
    <property name="user.country" value="US"/>
    <property name="sun.java.launcher" value="SUN_STANDARD"/>
    <property name="sun.os.patch.level" value=""/>
    <property name="test" value="pl.polsl.ismoil.atajanov.jsf.beans.EmployeeBeanTest#testCreate"/>
    <property name="java.vm.specification.name" value="Java Virtual Machine Specification"/>
    <property name="user.dir" value="C:\Users\Ismail\Desktop\Projects\NetBeans\Lab45R\Lab45R-ejb"/>
    <property name="java.runtime.version" value="1.8.0_231-b11"/>
    <property name="java.awt.graphicsenv" value="sun.awt.Win32GraphicsEnvironment"/>
    <property name="java.endorsed.dirs" value="C:\Program Files\Java\jdk1.8.0_231\jre\lib\endorsed"/>
    <property name="os.arch" value="amd64"/>
    <property name="java.io.tmpdir" value="C:\Users\Ismail\AppData\Local\Temp\"/>
    <property name="line.separator" value="
"/>
    <property name="java.vm.specification.vendor" value="Oracle Corporation"/>
    <property name="user.variant" value=""/>
    <property name="os.name" value="Windows 10"/>
    <property name="maven.ext.class.path" value="C:\Program Files\NetBeans 8.2\java\maven-nblib\netbeans-eventspy.jar;C:\Program Files\NetBeans 8.2\java\maven-nblib\netbeans-eventspy.jar"/>
    <property name="classworlds.conf" value="C:\Program Files\NetBeans 8.2\java\maven\bin\m2.conf"/>
    <property name="sun.jnu.encoding" value="Cp1252"/>
    <property name="java.library.path" value="C:\Program Files\Java\jdk1.8.0_231\bin;C:\WINDOWS\Sun\Java\bin;C:\WINDOWS\system32;C:\WINDOWS;C:\Program Files (x86)\Common Files\Oracle\Java\javapath;C:\Program Files\Microsoft MPI\Bin\;C:\Program Files\Java\jdk-11.0.5\bin;C:\WINDOWS\system32;C:\WINDOWS;C:\WINDOWS\System32\Wbem;C:\WINDOWS\System32\WindowsPowerShell\v1.0\;C:\WINDOWS\System32\OpenSSH\;D:\Program Files\Git\cmd;C:\Program Files\dotnet\;C:\Program Files\Microsoft SQL Server\130\Tools\Binn\;C:\SDK\Go\bin;C:\Users\Ismail\AppData\Local\Microsoft\WindowsApps;;C:\Program Files\JetBrains\CLion 2019.2.5\bin;;C:\Users\Ismail\go\bin;C:\Users\Ismail\AppData\Local\Programs\Microsoft VS Code\bin;."/>
    <property name="java.specification.name" value="Java Platform API Specification"/>
    <property name="java.class.version" value="52.0"/>
    <property name="sun.management.compiler" value="HotSpot 64-Bit Tiered Compilers"/>
    <property name="os.version" value="10.0"/>
    <property name="user.home" value="C:\Users\Ismail"/>
    <property name="user.timezone" value="Europe/Belgrade"/>
    <property name="java.awt.printerjob" value="sun.awt.windows.WPrinterJob"/>
    <property name="java.specification.version" value="1.8"/>
    <property name="file.encoding" value="UTF-8"/>
    <property name="user.name" value="Ismail"/>
    <property name="java.class.path" value="C:\Program Files\NetBeans 8.2\java\maven\boot\plexus-classworlds-2.4.jar"/>
    <property name="java.vm.specification.version" value="1.8"/>
    <property name="sun.arch.data.model" value="64"/>
    <property name="java.home" value="C:\Program Files\Java\jdk1.8.0_231\jre"/>
    <property name="sun.java.command" value="org.codehaus.plexus.classworlds.launcher.Launcher -Dtest=pl.polsl.ismoil.atajanov.jsf.beans.EmployeeBeanTest#testCreate -Dmaven.ext.class.path=C:\Program Files\NetBeans 8.2\java\maven-nblib\netbeans-eventspy.jar;C:\Program Files\NetBeans 8.2\java\maven-nblib\netbeans-eventspy.jar -Dfile.encoding=UTF-8 surefire:test"/>
    <property name="java.specification.vendor" value="Oracle Corporation"/>
    <property name="user.language" value="en"/>
    <property name="awt.toolkit" value="sun.awt.windows.WToolkit"/>
    <property name="java.vm.info" value="mixed mode"/>
    <property name="java.version" value="1.8.0_231"/>
    <property name="java.ext.dirs" value="C:\Program Files\Java\jdk1.8.0_231\jre\lib\ext;C:\WINDOWS\Sun\Java\lib\ext"/>
    <property name="sun.boot.class.path" value="C:\Program Files\Java\jdk1.8.0_231\jre\lib\resources.jar;C:\Program Files\Java\jdk1.8.0_231\jre\lib\rt.jar;C:\Program Files\Java\jdk1.8.0_231\jre\lib\sunrsasign.jar;C:\Program Files\Java\jdk1.8.0_231\jre\lib\jsse.jar;C:\Program Files\Java\jdk1.8.0_231\jre\lib\jce.jar;C:\Program Files\Java\jdk1.8.0_231\jre\lib\charsets.jar;C:\Program Files\Java\jdk1.8.0_231\jre\lib\jfr.jar;C:\Program Files\Java\jdk1.8.0_231\jre\classes"/>
    <property name="java.vendor" value="Oracle Corporation"/>
    <property name="maven.home" value="C:\Program Files\NetBeans 8.2\java\maven"/>
    <property name="file.separator" value="\"/>
    <property name="java.vendor.url.bug" value="http://bugreport.sun.com/bugreport/"/>
    <property name="sun.cpu.endian" value="little"/>
    <property name="sun.io.unicode.encoding" value="UnicodeLittle"/>
    <property name="sun.desktop" value="windows"/>
    <property name="sun.cpu.isalist" value="amd64"/>
  </properties>
  <testcase classname="pl.polsl.ismoil.atajanov.jsf.beans.EmployeeBeanTest" name="testCreate" time="0.887">
    <error message="The bean encountered a non-application exception; nested exception is: 
	&lt;openjpa-2.4.0-r422266:1674604 fatal general error&gt; org.apache.openjpa.persistence.PersistenceException: null" type="javax.ejb.EJBException">javax.ejb.EJBException: The bean encountered a non-application exception; nested exception is: 
	&lt;openjpa-2.4.0-r422266:1674604 fatal general error&gt; org.apache.openjpa.persistence.PersistenceException: null
	at org.apache.openejb.core.ivm.BaseEjbProxyHandler.convertException(BaseEjbProxyHandler.java:427)
	at org.apache.openejb.core.ivm.BaseEjbProxyHandler.invoke(BaseEjbProxyHandler.java:329)
	at pl.polsl.ismoil.atajanov.jsf.beans.EmployeeBean$$LocalBeanProxy.findAllEmployees(pl/polsl/ismoil/atajanov/jsf/beans/EmployeeBean.java)
	at pl.polsl.ismoil.atajanov.jsf.beans.EmployeeBeanTest.testCreate(EmployeeBeanTest.java:58)
	at sun.reflect.NativeMethodAccessorImpl.invoke0(Native Method)
	at sun.reflect.NativeMethodAccessorImpl.invoke(NativeMethodAccessorImpl.java:62)
	at sun.reflect.DelegatingMethodAccessorImpl.invoke(DelegatingMethodAccessorImpl.java:43)
	at java.lang.reflect.Method.invoke(Method.java:498)
	at org.junit.runners.model.FrameworkMethod$1.runReflectiveCall(FrameworkMethod.java:50)
	at org.junit.internal.runners.model.ReflectiveCallable.run(ReflectiveCallable.java:12)
	at org.junit.runners.model.FrameworkMethod.invokeExplosively(FrameworkMethod.java:47)
	at org.junit.internal.runners.statements.InvokeMethod.evaluate(InvokeMethod.java:17)
	at org.junit.runners.ParentRunner.runLeaf(ParentRunner.java:325)
	at org.junit.runners.BlockJUnit4ClassRunner.runChild(BlockJUnit4ClassRunner.java:78)
	at org.junit.runners.BlockJUnit4ClassRunner.runChild(BlockJUnit4ClassRunner.java:57)
	at org.junit.runners.ParentRunner$3.run(ParentRunner.java:290)
	at org.junit.runners.ParentRunner$1.schedule(ParentRunner.java:71)
	at org.junit.runners.ParentRunner.runChildren(ParentRunner.java:288)
	at org.junit.runners.ParentRunner.access$000(ParentRunner.java:58)
	at org.junit.runners.ParentRunner$2.evaluate(ParentRunner.java:268)
	at org.junit.internal.runners.statements.RunBefores.evaluate(RunBefores.java:26)
	at org.junit.internal.runners.statements.RunAfters.evaluate(RunAfters.java:27)
	at org.junit.runners.ParentRunner.run(ParentRunner.java:363)
	at org.apache.maven.surefire.junit4.JUnit4TestSet.execute(JUnit4TestSet.java:45)
	at org.apache.maven.surefire.junit4.JUnit4Provider.executeTestSet(JUnit4Provider.java:123)
	at org.apache.maven.surefire.junit4.JUnit4Provider.invoke(JUnit4Provider.java:104)
	at sun.reflect.NativeMethodAccessorImpl.invoke0(Native Method)
	at sun.reflect.NativeMethodAccessorImpl.invoke(NativeMethodAccessorImpl.java:62)
	at sun.reflect.DelegatingMethodAccessorImpl.invoke(DelegatingMethodAccessorImpl.java:43)
	at java.lang.reflect.Method.invoke(Method.java:498)
	at org.apache.maven.surefire.util.ReflectionUtils.invokeMethodWithArray(ReflectionUtils.java:164)
	at org.apache.maven.surefire.booter.ProviderFactory$ProviderProxy.invoke(ProviderFactory.java:110)
	at org.apache.maven.surefire.booter.SurefireStarter.invokeProvider(SurefireStarter.java:175)
	at org.apache.maven.surefire.booter.SurefireStarter.runSuitesInProcessWhenForked(SurefireStarter.java:107)
	at org.apache.maven.surefire.booter.ForkedBooter.main(ForkedBooter.java:68)
Caused by: &lt;openjpa-2.4.0-r422266:1674604 fatal general error&gt; org.apache.openjpa.persistence.PersistenceException: null
	at org.apache.openjpa.enhance.ClassRedefiner.redefineClasses(ClassRedefiner.java:96)
	at org.apache.openjpa.enhance.ManagedClassSubclasser.prepareUnenhancedClasses(ManagedClassSubclasser.java:176)
	at org.apache.openjpa.kernel.AbstractBrokerFactory.loadPersistentTypes(AbstractBrokerFactory.java:311)
	at org.apache.openjpa.kernel.AbstractBrokerFactory.initializeBroker(AbstractBrokerFactory.java:235)
	at org.apache.openjpa.kernel.AbstractBrokerFactory.newBroker(AbstractBrokerFactory.java:211)
	at org.apache.openjpa.kernel.DelegatingBrokerFactory.newBroker(DelegatingBrokerFactory.java:154)
	at org.apache.openjpa.persistence.EntityManagerFactoryImpl.createEntityManager(EntityManagerFactoryImpl.java:226)
	at org.apache.openjpa.persistence.EntityManagerFactoryImpl.createEntityManager(EntityManagerFactoryImpl.java:59)
	at org.apache.openejb.assembler.classic.ReloadableEntityManagerFactory.createEntityManager(ReloadableEntityManagerFactory.java:160)
	at org.apache.openejb.persistence.JtaEntityManagerRegistry.getEntityManager(JtaEntityManagerRegistry.java:119)
	at org.apache.openejb.persistence.JtaEntityManager.getEntityManager(JtaEntityManager.java:101)
	at org.apache.openejb.persistence.JtaEntityManager.typedProxyIfNoTx(JtaEntityManager.java:338)
	at org.apache.openejb.persistence.JtaEntityManager.createNamedQuery(JtaEntityManager.java:386)
	at pl.polsl.ismoil.atajanov.jsf.beans.EmployeeBean.findAllEmployees(EmployeeBean.java:65)
	at sun.reflect.NativeMethodAccessorImpl.invoke0(Native Method)
	at sun.reflect.NativeMethodAccessorImpl.invoke(NativeMethodAccessorImpl.java:62)
	at sun.reflect.DelegatingMethodAccessorImpl.invoke(DelegatingMethodAccessorImpl.java:43)
	at java.lang.reflect.Method.invoke(Method.java:498)
	at org.apache.openejb.core.interceptor.ReflectionInvocationContext$Invocation.invoke(ReflectionInvocationContext.java:192)
	at org.apache.openejb.core.interceptor.ReflectionInvocationContext.proceed(ReflectionInvocationContext.java:173)
	at org.apache.openejb.monitoring.StatsInterceptor.record(StatsInterceptor.java:181)
	at org.apache.openejb.monitoring.StatsInterceptor.invoke(StatsInterceptor.java:100)
	at sun.reflect.NativeMethodAccessorImpl.invoke0(Native Method)
	at sun.reflect.NativeMethodAccessorImpl.invoke(NativeMethodAccessorImpl.java:62)
	at sun.reflect.DelegatingMethodAccessorImpl.invoke(DelegatingMethodAccessorImpl.java:43)
	at java.lang.reflect.Method.invoke(Method.java:498)
	at org.apache.openejb.core.interceptor.ReflectionInvocationContext$Invocation.invoke(ReflectionInvocationContext.java:192)
	at org.apache.openejb.core.interceptor.ReflectionInvocationContext.proceed(ReflectionInvocationContext.java:173)
	at org.apache.openejb.core.interceptor.InterceptorStack.invoke(InterceptorStack.java:85)
	at org.apache.openejb.core.stateless.StatelessContainer._invoke(StatelessContainer.java:227)
	at org.apache.openejb.core.stateless.StatelessContainer.invoke(StatelessContainer.java:194)
	at org.apache.openejb.core.ivm.EjbObjectProxyHandler.synchronizedBusinessMethod(EjbObjectProxyHandler.java:317)
	at org.apache.openejb.core.ivm.EjbObjectProxyHandler.businessMethod(EjbObjectProxyHandler.java:312)
	at org.apache.openejb.core.ivm.EjbObjectProxyHandler._invoke(EjbObjectProxyHandler.java:92)
	at org.apache.openejb.core.ivm.BaseEjbProxyHandler.invoke(BaseEjbProxyHandler.java:325)
	... 33 more
Caused by: java.lang.reflect.InvocationTargetException
	at sun.reflect.NativeMethodAccessorImpl.invoke0(Native Method)
	at sun.reflect.NativeMethodAccessorImpl.invoke(NativeMethodAccessorImpl.java:62)
	at sun.reflect.DelegatingMethodAccessorImpl.invoke(DelegatingMethodAccessorImpl.java:43)
	at java.lang.reflect.Method.invoke(Method.java:498)
	at org.apache.openjpa.enhance.ClassRedefiner.redefineClasses(ClassRedefiner.java:85)
	... 67 more
Caused by: java.lang.VerifyError
	at sun.instrument.InstrumentationImpl.retransformClasses0(Native Method)
	at sun.instrument.InstrumentationImpl.retransformClasses(InstrumentationImpl.java:144)
	... 72 more
</error>
    <system-out>INFO - ********************************************************************************
INFO - OpenEJB http://tomee.apache.org/
INFO - Startup: Thu Jan 02 02:53:45 CET 2020
INFO - Copyright 1999-2015 (C) Apache OpenEJB/TomEE Project, All Rights Reserved.
INFO - Version: 4.7.4
INFO - Build date: 20160304
INFO - Build time: 09:05
INFO - ********************************************************************************
INFO - openejb.home = C:\Users\Ismail\Desktop\Projects\NetBeans\Lab45R\Lab45R-ejb
INFO - openejb.base = C:\Users\Ismail\Desktop\Projects\NetBeans\Lab45R\Lab45R-ejb
INFO - Created new singletonService org.apache.openejb.cdi.ThreadSingletonServiceImpl@dfd3711
INFO - Succeeded in installing singleton service
INFO - Using &apos;javax.ejb.embeddable.EJBContainer=true&apos;
INFO - Cannot find the configuration file [conf/openejb.xml].  Will attempt to create one for the beans deployed.
INFO - Configuring Service(id=Default Security Service, type=SecurityService, provider-id=Default Security Service)
INFO - Configuring Service(id=Default Transaction Manager, type=TransactionManager, provider-id=Default Transaction Manager)
INFO - Configuring Service(id=abc, type=Resource, provider-id=Default JDBC Database)
INFO - Creating TransactionManager(id=Default Transaction Manager)
INFO - Creating SecurityService(id=Default Security Service)
INFO - Creating Resource(id=abc)
INFO - Found EjbModule in classpath: c:\users\ismail\desktop\projects\netbeans\lab45r\lab45r-ejb\target\classes
INFO - Beginning load: c:\users\ismail\desktop\projects\netbeans\lab45r\lab45r-ejb\target\classes
INFO - Configuring enterprise application: C:\Users\Ismail\Desktop\Projects\NetBeans\Lab45R\Lab45R-ejb
INFO - Auto-deploying ejb DepartmentBean: EjbDeployment(deployment-id=DepartmentBean)
INFO - Auto-deploying ejb EmployeeBean: EjbDeployment(deployment-id=EmployeeBean)
INFO - Configuring Service(id=Default Stateless Container, type=Container, provider-id=Default Stateless Container)
INFO - Auto-creating a container for bean DepartmentBean: Container(type=STATELESS, id=Default Stateless Container)
INFO - Creating Container(id=Default Stateless Container)
INFO - Configuring Service(id=Default Managed Container, type=Container, provider-id=Default Managed Container)
INFO - Auto-creating a container for bean pl.polsl.ismoil.atajanov.jsf.beans.EmployeeBeanTest: Container(type=MANAGED, id=Default Managed Container)
INFO - Creating Container(id=Default Managed Container)
INFO - Using directory C:\Users\Ismail\AppData\Local\Temp for stateful session passivation
INFO - Configuring PersistenceUnit(name=LabPU)
INFO - Auto-creating a Resource with id &apos;abcNonJta&apos; of type &apos;DataSource for &apos;LabPU&apos;.
INFO - Configuring Service(id=abcNonJta, type=Resource, provider-id=abc)
INFO - Creating Resource(id=abcNonJta)
INFO - Adjusting PersistenceUnit LabPU &lt;jta-data-source&gt; to Resource ID &apos;abc&apos; from &apos;jdbc/lab&apos;
INFO - Adjusting PersistenceUnit LabPU &lt;non-jta-data-source&gt; to Resource ID &apos;abcNonJta&apos; from &apos;null&apos;
INFO - Enterprise application &quot;C:\Users\Ismail\Desktop\Projects\NetBeans\Lab45R\Lab45R-ejb&quot; loaded.
INFO - Assembling app: C:\Users\Ismail\Desktop\Projects\NetBeans\Lab45R\Lab45R-ejb
WARNING - JAVA AGENT NOT INSTALLED. The JPA Persistence Provider requested installation of a ClassFileTransformer which requires a JavaAgent.  See http://tomee.apache.org/javaagent.html
INFO - OpenJPA dynamically loaded a validation provider.
INFO - PersistenceUnit(name=LabPU, provider=org.apache.openjpa.persistence.PersistenceProviderImpl) - provider time 259ms
INFO - Jndi(name=&quot;java:global/Lab45R-ejb/DepartmentBean!pl.polsl.ismoil.atajanov.jsf.beans.DepartmentBean&quot;)
INFO - Jndi(name=&quot;java:global/Lab45R-ejb/DepartmentBean&quot;)
INFO - Jndi(name=&quot;java:global/Lab45R-ejb/EmployeeBean!pl.polsl.ismoil.atajanov.jsf.beans.EmployeeBean&quot;)
INFO - Jndi(name=&quot;java:global/Lab45R-ejb/EmployeeBean&quot;)
INFO - Existing thread singleton service in SystemInstance(): org.apache.openejb.cdi.ThreadSingletonServiceImpl@dfd3711
INFO - OpenWebBeans Container is starting...
INFO - Adding OpenWebBeansPlugin : [CdiPlugin]
INFO - All injection points were validated successfully.
INFO - OpenWebBeans Container has started, it took 72 ms.
INFO - Created Ejb(deployment-id=EmployeeBean, ejb-name=EmployeeBean, container=Default Stateless Container)
INFO - Created Ejb(deployment-id=DepartmentBean, ejb-name=DepartmentBean, container=Default Stateless Container)
INFO - Started Ejb(deployment-id=EmployeeBean, ejb-name=EmployeeBean, container=Default Stateless Container)
INFO - Started Ejb(deployment-id=DepartmentBean, ejb-name=DepartmentBean, container=Default Stateless Container)
INFO - Deployed Application(path=C:\Users\Ismail\Desktop\Projects\NetBeans\Lab45R\Lab45R-ejb)
INFO - Starting OpenJPA 2.4.0
INFO - Using dictionary class &quot;org.apache.openjpa.jdbc.sql.MySQLDictionary&quot; (MySQL 8.0.17 ,MySQL Connector/J mysql-connector-java-8.0.18 (Revision: fef2894d751d47223192b706977b4a5bc41e6be4)).
INFO - Connected to MySQL version 8.8 using JDBC driver MySQL Connector/J version mysql-connector-java-8.0.18 (Revision: fef2894d751d47223192b706977b4a5bc41e6be4). 
INFO - Creating subclass and redefining methods for &quot;[class pl.polsl.ismoil.atajanov.jsf.model.Employee, class pl.polsl.ismoil.atajanov.jsf.model.Department]&quot;. This means that your application will be less efficient than it would if you ran the OpenJPA enhancer.
SEVERE - EjbTransactionUtil.handleSystemException: null
&lt;openjpa-2.4.0-r422266:1674604 fatal general error&gt; org.apache.openjpa.persistence.PersistenceException: null
	at org.apache.openjpa.enhance.ClassRedefiner.redefineClasses(ClassRedefiner.java:96)
	at org.apache.openjpa.enhance.ManagedClassSubclasser.prepareUnenhancedClasses(ManagedClassSubclasser.java:176)
	at org.apache.openjpa.kernel.AbstractBrokerFactory.loadPersistentTypes(AbstractBrokerFactory.java:311)
	at org.apache.openjpa.kernel.AbstractBrokerFactory.initializeBroker(AbstractBrokerFactory.java:235)
	at org.apache.openjpa.kernel.AbstractBrokerFactory.newBroker(AbstractBrokerFactory.java:211)
	at org.apache.openjpa.kernel.DelegatingBrokerFactory.newBroker(DelegatingBrokerFactory.java:154)
	at org.apache.openjpa.persistence.EntityManagerFactoryImpl.createEntityManager(EntityManagerFactoryImpl.java:226)
	at org.apache.openjpa.persistence.EntityManagerFactoryImpl.createEntityManager(EntityManagerFactoryImpl.java:59)
	at org.apache.openejb.assembler.classic.ReloadableEntityManagerFactory.createEntityManager(ReloadableEntityManagerFactory.java:160)
	at org.apache.openejb.persistence.JtaEntityManagerRegistry.getEntityManager(JtaEntityManagerRegistry.java:119)
	at org.apache.openejb.persistence.JtaEntityManager.getEntityManager(JtaEntityManager.java:101)
	at org.apache.openejb.persistence.JtaEntityManager.typedProxyIfNoTx(JtaEntityManager.java:338)
	at org.apache.openejb.persistence.JtaEntityManager.createNamedQuery(JtaEntityManager.java:386)
	at pl.polsl.ismoil.atajanov.jsf.beans.EmployeeBean.findAllEmployees(EmployeeBean.java:65)
	at sun.reflect.NativeMethodAccessorImpl.invoke0(Native Method)
	at sun.reflect.NativeMethodAccessorImpl.invoke(NativeMethodAccessorImpl.java:62)
	at sun.reflect.DelegatingMethodAccessorImpl.invoke(DelegatingMethodAccessorImpl.java:43)
	at java.lang.reflect.Method.invoke(Method.java:498)
	at org.apache.openejb.core.interceptor.ReflectionInvocationContext$Invocation.invoke(ReflectionInvocationContext.java:192)
	at org.apache.openejb.core.interceptor.ReflectionInvocationContext.proceed(ReflectionInvocationContext.java:173)
	at org.apache.openejb.monitoring.StatsInterceptor.record(StatsInterceptor.java:181)
	at org.apache.openejb.monitoring.StatsInterceptor.invoke(StatsInterceptor.java:100)
	at sun.reflect.NativeMethodAccessorImpl.invoke0(Native Method)
	at sun.reflect.NativeMethodAccessorImpl.invoke(NativeMethodAccessorImpl.java:62)
	at sun.reflect.DelegatingMethodAccessorImpl.invoke(DelegatingMethodAccessorImpl.java:43)
	at java.lang.reflect.Method.invoke(Method.java:498)
	at org.apache.openejb.core.interceptor.ReflectionInvocationContext$Invocation.invoke(ReflectionInvocationContext.java:192)
	at org.apache.openejb.core.interceptor.ReflectionInvocationContext.proceed(ReflectionInvocationContext.java:173)
	at org.apache.openejb.core.interceptor.InterceptorStack.invoke(InterceptorStack.java:85)
	at org.apache.openejb.core.stateless.StatelessContainer._invoke(StatelessContainer.java:227)
	at org.apache.openejb.core.stateless.StatelessContainer.invoke(StatelessContainer.java:194)
	at org.apache.openejb.core.ivm.EjbObjectProxyHandler.synchronizedBusinessMethod(EjbObjectProxyHandler.java:317)
	at org.apache.openejb.core.ivm.EjbObjectProxyHandler.businessMethod(EjbObjectProxyHandler.java:312)
	at org.apache.openejb.core.ivm.EjbObjectProxyHandler._invoke(EjbObjectProxyHandler.java:92)
	at org.apache.openejb.core.ivm.BaseEjbProxyHandler.invoke(BaseEjbProxyHandler.java:325)
	at pl.polsl.ismoil.atajanov.jsf.beans.EmployeeBean$$LocalBeanProxy.findAllEmployees(pl/polsl/ismoil/atajanov/jsf/beans/EmployeeBean.java)
	at pl.polsl.ismoil.atajanov.jsf.beans.EmployeeBeanTest.testCreate(EmployeeBeanTest.java:58)
	at sun.reflect.NativeMethodAccessorImpl.invoke0(Native Method)
	at sun.reflect.NativeMethodAccessorImpl.invoke(NativeMethodAccessorImpl.java:62)
	at sun.reflect.DelegatingMethodAccessorImpl.invoke(DelegatingMethodAccessorImpl.java:43)
	at java.lang.reflect.Method.invoke(Method.java:498)
	at org.junit.runners.model.FrameworkMethod$1.runReflectiveCall(FrameworkMethod.java:50)
	at org.junit.internal.runners.model.ReflectiveCallable.run(ReflectiveCallable.java:12)
	at org.junit.runners.model.FrameworkMethod.invokeExplosively(FrameworkMethod.java:47)
	at org.junit.internal.runners.statements.InvokeMethod.evaluate(InvokeMethod.java:17)
	at org.junit.runners.ParentRunner.runLeaf(ParentRunner.java:325)
	at org.junit.runners.BlockJUnit4ClassRunner.runChild(BlockJUnit4ClassRunner.java:78)
	at org.junit.runners.BlockJUnit4ClassRunner.runChild(BlockJUnit4ClassRunner.java:57)
	at org.junit.runners.ParentRunner$3.run(ParentRunner.java:290)
	at org.junit.runners.ParentRunner$1.schedule(ParentRunner.java:71)
	at org.junit.runners.ParentRunner.runChildren(ParentRunner.java:288)
	at org.junit.runners.ParentRunner.access$000(ParentRunner.java:58)
	at org.junit.runners.ParentRunner$2.evaluate(ParentRunner.java:268)
	at org.junit.internal.runners.statements.RunBefores.evaluate(RunBefores.java:26)
	at org.junit.internal.runners.statements.RunAfters.evaluate(RunAfters.java:27)
	at org.junit.runners.ParentRunner.run(ParentRunner.java:363)
	at org.apache.maven.surefire.junit4.JUnit4TestSet.execute(JUnit4TestSet.java:45)
	at org.apache.maven.surefire.junit4.JUnit4Provider.executeTestSet(JUnit4Provider.java:123)
	at org.apache.maven.surefire.junit4.JUnit4Provider.invoke(JUnit4Provider.java:104)
	at sun.reflect.NativeMethodAccessorImpl.invoke0(Native Method)
	at sun.reflect.NativeMethodAccessorImpl.invoke(NativeMethodAccessorImpl.java:62)
	at sun.reflect.DelegatingMethodAccessorImpl.invoke(DelegatingMethodAccessorImpl.java:43)
	at java.lang.reflect.Method.invoke(Method.java:498)
	at org.apache.maven.surefire.util.ReflectionUtils.invokeMethodWithArray(ReflectionUtils.java:164)
	at org.apache.maven.surefire.booter.ProviderFactory$ProviderProxy.invoke(ProviderFactory.java:110)
	at org.apache.maven.surefire.booter.SurefireStarter.invokeProvider(SurefireStarter.java:175)
	at org.apache.maven.surefire.booter.SurefireStarter.runSuitesInProcessWhenForked(SurefireStarter.java:107)
	at org.apache.maven.surefire.booter.ForkedBooter.main(ForkedBooter.java:68)
Caused by: java.lang.reflect.InvocationTargetException
	at sun.reflect.NativeMethodAccessorImpl.invoke0(Native Method)
	at sun.reflect.NativeMethodAccessorImpl.invoke(NativeMethodAccessorImpl.java:62)
	at sun.reflect.DelegatingMethodAccessorImpl.invoke(DelegatingMethodAccessorImpl.java:43)
	at java.lang.reflect.Method.invoke(Method.java:498)
	at org.apache.openjpa.enhance.ClassRedefiner.redefineClasses(ClassRedefiner.java:85)
	... 67 more
Caused by: java.lang.VerifyError
	at sun.instrument.InstrumentationImpl.retransformClasses0(Native Method)
	at sun.instrument.InstrumentationImpl.retransformClasses(InstrumentationImpl.java:144)
	... 72 more
</system-out>
  </testcase>
</testsuite>